<?xml version="1.0" encoding="UTF-8"?>
<!-- Generated by org.testng.reporters.JUnitXMLReporter -->
<testsuite ignored="0" hostname="DESKTOP-4GLK5HT" failures="0" tests="6" name="Surefire test" time="100.807" errors="0" timestamp="2026-03-19T10:19:55 IST">
  <testcase classname="com.WebShop.Testcases.LoginTest" name="myTestMethod" time="0.999"/>
  <testcase classname="com.WebShop.Testcases.LoginTest" name="printmenuitemcounts" time="5.525"/>
  <testcase classname="com.WebShop.Testcases.LoginTest" name="BuildYourOwnComputer" time="14.563"/>
  <testcase classname="com.WebShop.Testcases.LoginTest" name="Imagescreenshot" time="0.299"/>
  <testcase classname="com.WebShop.Testcases.LoginTest" name="Notification" time="3.181"/>
  <testcase classname="com.WebShop.Testcases.LoginTest" name="ShoppingCart" time="41.017"/>
</testsuite> <!-- Surefire test -->
