<?xml version="1.0" encoding="UTF-8"?>
<!-- Generated by org.testng.reporters.JUnitXMLReporter -->
<testsuite ignored="0" hostname="DESKTOP-4GLK5HT" failures="0" tests="6" name="Default test" time="79.091" errors="0" timestamp="2025-03-21T18:38:50 IST">
  <testcase classname="com.WebShop.Testcases.LoginTest" name="myTestMethod" time="3.226"/>
  <testcase classname="com.WebShop.Testcases.LoginTest" name="printmenuitemcounts" time="2.513"/>
  <testcase classname="com.WebShop.Testcases.LoginTest" name="BuildYourOwnComputer" time="12.336"/>
  <testcase classname="com.WebShop.Testcases.LoginTest" name="Imagescreenshot" time="0.195"/>
  <testcase classname="com.WebShop.Testcases.LoginTest" name="Notification" time="1.401"/>
  <testcase classname="com.WebShop.Testcases.LoginTest" name="ShoppingCart" time="27.981"/>
</testsuite> <!-- Default test -->
