<?xml version="1.0" encoding="UTF-8"?>
<testng-results ignored="0" total="6" passed="6" failed="0" skipped="0">
  <reporter-output>
  </reporter-output>
  <suite started-at="2026-03-19T10:18:14 IST" name="Surefire suite" finished-at="2026-03-19T10:19:55 IST" duration-ms="100807">
    <groups>
    </groups>
    <test started-at="2026-03-19T10:18:14 IST" name="Surefire test" finished-at="2026-03-19T10:19:55 IST" duration-ms="100807">
      <class name="com.WebShop.Testcases.LoginTest">
        <test-method is-config="true" signature="setUp()[pri:0, instance:com.WebShop.Testcases.LoginTest@161b062a]" started-at="2026-03-19T10:18:14 IST" name="setUp" finished-at="2026-03-19T10:18:40 IST" duration-ms="25742" status="PASS">
          <reporter-output>
          </reporter-output>
        </test-method> <!-- setUp -->
        <test-method signature="myTestMethod()[pri:0, instance:com.WebShop.Testcases.LoginTest@161b062a]" started-at="2026-03-19T10:18:40 IST" name="myTestMethod" description="Login process" finished-at="2026-03-19T10:18:41 IST" duration-ms="999" status="PASS">
          <reporter-output>
          </reporter-output>
        </test-method> <!-- myTestMethod -->
        <test-method signature="printmenuitemcounts()[pri:2, instance:com.WebShop.Testcases.LoginTest@161b062a]" started-at="2026-03-19T10:18:41 IST" name="printmenuitemcounts" finished-at="2026-03-19T10:18:46 IST" duration-ms="5525" status="PASS">
          <reporter-output>
          </reporter-output>
        </test-method> <!-- printmenuitemcounts -->
        <test-method signature="BuildYourOwnComputer()[pri:3, instance:com.WebShop.Testcases.LoginTest@161b062a]" started-at="2026-03-19T10:18:46 IST" name="BuildYourOwnComputer" finished-at="2026-03-19T10:19:01 IST" duration-ms="14563" status="PASS">
          <reporter-output>
          </reporter-output>
        </test-method> <!-- BuildYourOwnComputer -->
        <test-method signature="Imagescreenshot()[pri:4, instance:com.WebShop.Testcases.LoginTest@161b062a]" started-at="2026-03-19T10:19:01 IST" name="Imagescreenshot" finished-at="2026-03-19T10:19:01 IST" duration-ms="299" status="PASS">
          <reporter-output>
          </reporter-output>
        </test-method> <!-- Imagescreenshot -->
        <test-method signature="Notification()[pri:5, instance:com.WebShop.Testcases.LoginTest@161b062a]" started-at="2026-03-19T10:19:01 IST" name="Notification" finished-at="2026-03-19T10:19:04 IST" duration-ms="3181" status="PASS">
          <reporter-output>
          </reporter-output>
        </test-method> <!-- Notification -->
        <test-method signature="ShoppingCart()[pri:6, instance:com.WebShop.Testcases.LoginTest@161b062a]" started-at="2026-03-19T10:19:04 IST" name="ShoppingCart" finished-at="2026-03-19T10:19:45 IST" duration-ms="41017" status="PASS">
          <reporter-output>
          </reporter-output>
        </test-method> <!-- ShoppingCart -->
        <test-method is-config="true" signature="tearDown()[pri:0, instance:com.WebShop.Testcases.LoginTest@161b062a]" started-at="2026-03-19T10:19:45 IST" name="tearDown" finished-at="2026-03-19T10:19:55 IST" duration-ms="9352" status="PASS">
          <reporter-output>
          </reporter-output>
        </test-method> <!-- tearDown -->
      </class> <!-- com.WebShop.Testcases.LoginTest -->
    </test> <!-- Surefire test -->
  </suite> <!-- Surefire suite -->
</testng-results>
