<?xml version="1.0" encoding="UTF-8"?>
<testsuite xmlns:xsi="http://www.w3.org/2001/XMLSchema-instance" xsi:noNamespaceSchemaLocation="https://maven.apache.org/surefire/maven-surefire-plugin/xsd/surefire-test-report.xsd" version="3.0.2" name="com.WebShop.Testcases.LoginTest" time="102.825" tests="6" errors="0" skipped="0" failures="0">
  <properties>
[...]
</properties>
  <testcase name="myTestMethod" classname="com.WebShop.Testcases.LoginTest" time="1.003">
    <system-out><![CDATA[https://demowebshop.tricentis.com/login
sureshbabu7780@gmail.com	
Ayyammal@1980
]]></system-out>
    <system-err><![CDATA[Mar 19, 2026 10:18:35 AM org.openqa.selenium.devtools.CdpVersionFinder findNearestMatch
WARNING: Unable to find CDP implementation matching 145
Mar 19, 2026 10:18:35 AM org.openqa.selenium.chromium.ChromiumDriver lambda$new$5
WARNING: Unable to find version of CDP to use for 145.0.7632.160. You may need to include a dependency on a specific version of the CDP using something similar to `org.seleniumhq.selenium:selenium-devtools-v86:4.25.0` where the version ("v86") matches the version of the chromium-based browser you're using and the version number of the artifact is the same as Selenium's.
]]></system-err>
  </testcase>
  <testcase name="printmenuitemcounts" classname="com.WebShop.Testcases.LoginTest" time="5.538">
    <system-out><![CDATA[BOOKS
COMPUTERS
ELECTRONICS
APPAREL & SHOES
DIGITAL DOWNLOADS
JEWELRY
GIFT CARDS
Total number of menu items: 7
]]></system-out>
  </testcase>
  <testcase name="BuildYourOwnComputer" classname="com.WebShop.Testcases.LoginTest" time="14.544"/>
  <testcase name="Imagescreenshot" classname="com.WebShop.Testcases.LoginTest" time="0.735">
    <system-out><![CDATA[Error while saving screenshot: C:\Users\user\AppData\Local\Temp\screenshot1278354590275326172.png -> screenshots\demo_webshop_home.png
]]></system-out>
  </testcase>
  <testcase name="Notification" classname="com.WebShop.Testcases.LoginTest" time="2.751"/>
  <testcase name="ShoppingCart" classname="com.WebShop.Testcases.LoginTest" time="41.013"/>
</testsuite>