<?xml version="1.0" encoding="UTF-8"?>
<testng-results ignored="0" total="6" passed="6" failed="0" skipped="0">
  <reporter-output>
  </reporter-output>
  <suite started-at="2025-03-21T18:37:31 IST" name="Default suite" finished-at="2025-03-21T18:38:50 IST" duration-ms="79091">
    <groups>
    </groups>
    <test started-at="2025-03-21T18:37:31 IST" name="Default test" finished-at="2025-03-21T18:38:50 IST" duration-ms="79091">
      <class name="com.WebShop.Testcases.LoginTest">
        <test-method is-config="true" signature="setUp()[pri:0, instance:com.WebShop.Testcases.LoginTest@593aaf41]" started-at="2025-03-21T18:37:31 IST" name="setUp" finished-at="2025-03-21T18:38:00 IST" duration-ms="28719" status="PASS">
          <reporter-output>
          </reporter-output>
        </test-method> <!-- setUp -->
        <test-method signature="myTestMethod()[pri:0, instance:com.WebShop.Testcases.LoginTest@593aaf41]" started-at="2025-03-21T18:38:00 IST" name="myTestMethod" description="Login process" finished-at="2025-03-21T18:38:03 IST" duration-ms="3226" status="PASS">
          <reporter-output>
          </reporter-output>
        </test-method> <!-- myTestMethod -->
        <test-method signature="printmenuitemcounts()[pri:2, instance:com.WebShop.Testcases.LoginTest@593aaf41]" started-at="2025-03-21T18:38:03 IST" name="printmenuitemcounts" finished-at="2025-03-21T18:38:06 IST" duration-ms="2513" status="PASS">
          <reporter-output>
          </reporter-output>
        </test-method> <!-- printmenuitemcounts -->
        <test-method signature="BuildYourOwnComputer()[pri:3, instance:com.WebShop.Testcases.LoginTest@593aaf41]" started-at="2025-03-21T18:38:06 IST" name="BuildYourOwnComputer" finished-at="2025-03-21T18:38:18 IST" duration-ms="12336" status="PASS">
          <reporter-output>
          </reporter-output>
        </test-method> <!-- BuildYourOwnComputer -->
        <test-method signature="Imagescreenshot()[pri:4, instance:com.WebShop.Testcases.LoginTest@593aaf41]" started-at="2025-03-21T18:38:18 IST" name="Imagescreenshot" finished-at="2025-03-21T18:38:18 IST" duration-ms="195" status="PASS">
          <reporter-output>
          </reporter-output>
        </test-method> <!-- Imagescreenshot -->
        <test-method signature="Notification()[pri:5, instance:com.WebShop.Testcases.LoginTest@593aaf41]" started-at="2025-03-21T18:38:18 IST" name="Notification" finished-at="2025-03-21T18:38:20 IST" duration-ms="1401" status="PASS">
          <reporter-output>
          </reporter-output>
        </test-method> <!-- Notification -->
        <test-method signature="ShoppingCart()[pri:6, instance:com.WebShop.Testcases.LoginTest@593aaf41]" started-at="2025-03-21T18:38:20 IST" name="ShoppingCart" finished-at="2025-03-21T18:38:48 IST" duration-ms="27981" status="PASS">
          <reporter-output>
          </reporter-output>
        </test-method> <!-- ShoppingCart -->
        <test-method is-config="true" signature="tearDown()[pri:0, instance:com.WebShop.Testcases.LoginTest@593aaf41]" started-at="2025-03-21T18:38:48 IST" name="tearDown" finished-at="2025-03-21T18:38:50 IST" duration-ms="2565" status="PASS">
          <reporter-output>
          </reporter-output>
        </test-method> <!-- tearDown -->
      </class> <!-- com.WebShop.Testcases.LoginTest -->
    </test> <!-- Default test -->
  </suite> <!-- Default suite -->
</testng-results>
