<?xml version="1.0" encoding="UTF-8"?>
<!-- Generated by org.testng.reporters.JUnitReportReporter -->
<testsuite hostname="DESKTOP-4GLK5HT" failures="0" tests="6" name="com.WebShop.Testcases.LoginTest" time="47.652" errors="0" timestamp="2025-03-21T18:38:51 IST" skipped="0">
  <testcase classname="com.WebShop.Testcases.LoginTest" name="myTestMethod" time="3.226"/>
  <system-out/>
  <testcase classname="com.WebShop.Testcases.LoginTest" name="printmenuitemcounts" time="2.513"/>
  <system-out/>
  <testcase classname="com.WebShop.Testcases.LoginTest" name="BuildYourOwnComputer" time="12.336"/>
  <system-out/>
  <testcase classname="com.WebShop.Testcases.LoginTest" name="Imagescreenshot" time="0.195"/>
  <system-out/>
  <testcase classname="com.WebShop.Testcases.LoginTest" name="Notification" time="1.401"/>
  <system-out/>
  <testcase classname="com.WebShop.Testcases.LoginTest" name="ShoppingCart" time="27.981"/>
  <system-out/>
</testsuite> <!-- com.WebShop.Testcases.LoginTest -->
