<?xml version="1.0" encoding="UTF-8"?>
<!-- Generated by org.testng.reporters.JUnitReportReporter -->
<testsuite hostname="DESKTOP-4GLK5HT" failures="0" tests="6" name="com.WebShop.Testcases.LoginTest" time="65.584" errors="0" timestamp="2026-03-19T10:19:55 IST" skipped="0">
  <testcase classname="com.WebShop.Testcases.LoginTest" name="myTestMethod" time="0.999"/>
  <system-out/>
  <testcase classname="com.WebShop.Testcases.LoginTest" name="printmenuitemcounts" time="5.525"/>
  <system-out/>
  <testcase classname="com.WebShop.Testcases.LoginTest" name="BuildYourOwnComputer" time="14.563"/>
  <system-out/>
  <testcase classname="com.WebShop.Testcases.LoginTest" name="Imagescreenshot" time="0.299"/>
  <system-out/>
  <testcase classname="com.WebShop.Testcases.LoginTest" name="Notification" time="3.181"/>
  <system-out/>
  <testcase classname="com.WebShop.Testcases.LoginTest" name="ShoppingCart" time="41.017"/>
  <system-out/>
</testsuite> <!-- com.WebShop.Testcases.LoginTest -->
